<?xml version="1.0" encoding="UTF-8"?>
<!-- Generated by org.testng.reporters.JUnitReportReporter -->
<testsuite hostname="HOME-PC" failures="0" tests="1" name="ru.skillfactory.qajava.maven.PersonTest" time="0.000" errors="0" timestamp="2022-07-22T00:08:45 MSK" skipped="0">
  <testcase classname="ru.skillfactory.qajava.maven.PersonTest" name="isTeenager" time="0.000"/>
  <system-out/>
</testsuite> <!-- ru.skillfactory.qajava.maven.PersonTest -->
